<?xml version="1.0" encoding="UTF-8"?>
<testng-results ignored="0" total="12" passed="10" failed="2" skipped="0">
  <reporter-output>
  </reporter-output>
  <suite started-at="2023-05-15T15:01:37 IST" name="Default suite" finished-at="2023-05-15T15:04:21 IST" duration-ms="163203">
    <groups>
    </groups>
    <test started-at="2023-05-15T15:01:37 IST" name="Default test" finished-at="2023-05-15T15:04:21 IST" duration-ms="163203">
      <class name="com.training.sanity.tests.MXplayer">
        <test-method is-config="true" signature="setUpBeforeClass()[pri:0, instance:com.training.sanity.tests.MXplayer@188715b5]" started-at="2023-05-15T15:01:37 IST" name="setUpBeforeClass" finished-at="2023-05-15T15:01:38 IST" duration-ms="7" status="PASS">
          <reporter-output>
          </reporter-output>
        </test-method> <!-- setUpBeforeClass -->
        <test-method is-config="true" signature="setUp()[pri:0, instance:com.training.sanity.tests.MXplayer@188715b5]" started-at="2023-05-15T15:01:38 IST" name="setUp" finished-at="2023-05-15T15:01:42 IST" duration-ms="4197" status="PASS">
          <reporter-output>
          </reporter-output>
        </test-method> <!-- setUp -->
        <test-method signature="TC_013()[pri:0, instance:com.training.sanity.tests.MXplayer@188715b5]" started-at="2023-05-15T15:01:42 IST" name="TC_013" finished-at="2023-05-15T15:01:43 IST" duration-ms="980" status="PASS">
          <reporter-output>
          </reporter-output>
        </test-method> <!-- TC_013 -->
        <test-method is-config="true" signature="tearDown()[pri:0, instance:com.training.sanity.tests.MXplayer@188715b5]" started-at="2023-05-15T15:01:43 IST" name="tearDown" finished-at="2023-05-15T15:01:44 IST" duration-ms="1286" status="PASS">
          <reporter-output>
          </reporter-output>
        </test-method> <!-- tearDown -->
        <test-method is-config="true" signature="setUp()[pri:0, instance:com.training.sanity.tests.MXplayer@188715b5]" started-at="2023-05-15T15:01:44 IST" name="setUp" finished-at="2023-05-15T15:01:49 IST" duration-ms="4896" status="PASS">
          <reporter-output>
          </reporter-output>
        </test-method> <!-- setUp -->
        <test-method signature="TC_014()[pri:0, instance:com.training.sanity.tests.MXplayer@188715b5]" started-at="2023-05-15T15:01:49 IST" name="TC_014" finished-at="2023-05-15T15:01:50 IST" duration-ms="651" status="FAIL">
          <exception class="java.lang.AssertionError">
            <message>
              <![CDATA[expected [https://www.mxplayer.in/movies] but found [https://www.mxplayer.in/]]]>
            </message>
            <full-stacktrace>
              <![CDATA[java.lang.AssertionError: expected [https://www.mxplayer.in/movies] but found [https://www.mxplayer.in/]
at org.testng.Assert.fail(Assert.java:99)
at org.testng.Assert.failNotEquals(Assert.java:1037)
at org.testng.Assert.assertEqualsImpl(Assert.java:140)
at org.testng.Assert.assertEquals(Assert.java:122)
at org.testng.Assert.assertEquals(Assert.java:629)
at org.testng.Assert.assertEquals(Assert.java:639)
at com.training.pom.MoviesButtonClickPOM.verifymoviesbtn(MoviesButtonClickPOM.java:23)
at com.training.sanity.tests.MXplayer.TC_014(MXplayer.java:86)
at java.base/jdk.internal.reflect.DirectMethodHandleAccessor.invoke(DirectMethodHandleAccessor.java:104)
at java.base/java.lang.reflect.Method.invoke(Method.java:578)
at org.testng.internal.MethodInvocationHelper.invokeMethod(MethodInvocationHelper.java:133)
at org.testng.internal.TestInvoker.invokeMethod(TestInvoker.java:598)
at org.testng.internal.TestInvoker.invokeTestMethod(TestInvoker.java:173)
at org.testng.internal.MethodRunner.runInSequence(MethodRunner.java:46)
at org.testng.internal.TestInvoker$MethodInvocationAgent.invoke(TestInvoker.java:824)
at org.testng.internal.TestInvoker.invokeTestMethods(TestInvoker.java:146)
at org.testng.internal.TestMethodWorker.invokeTestMethods(TestMethodWorker.java:146)
at org.testng.internal.TestMethodWorker.run(TestMethodWorker.java:128)
at java.base/java.util.ArrayList.forEach(ArrayList.java:1511)
at org.testng.TestRunner.privateRun(TestRunner.java:794)
at org.testng.TestRunner.run(TestRunner.java:596)
at org.testng.SuiteRunner.runTest(SuiteRunner.java:377)
at org.testng.SuiteRunner.runSequentially(SuiteRunner.java:371)
at org.testng.SuiteRunner.privateRun(SuiteRunner.java:332)
at org.testng.SuiteRunner.run(SuiteRunner.java:276)
at org.testng.SuiteRunnerWorker.runSuite(SuiteRunnerWorker.java:53)
at org.testng.SuiteRunnerWorker.run(SuiteRunnerWorker.java:96)
at org.testng.TestNG.runSuitesSequentially(TestNG.java:1212)
at org.testng.TestNG.runSuitesLocally(TestNG.java:1134)
at org.testng.TestNG.runSuites(TestNG.java:1063)
at org.testng.TestNG.run(TestNG.java:1031)
at org.testng.remote.AbstractRemoteTestNG.run(AbstractRemoteTestNG.java:115)
at org.testng.remote.RemoteTestNG.initAndRun(RemoteTestNG.java:251)
at org.testng.remote.RemoteTestNG.main(RemoteTestNG.java:77)
]]>
            </full-stacktrace>
          </exception> <!-- java.lang.AssertionError -->
          <reporter-output>
          </reporter-output>
        </test-method> <!-- TC_014 -->
        <test-method is-config="true" signature="tearDown()[pri:0, instance:com.training.sanity.tests.MXplayer@188715b5]" started-at="2023-05-15T15:01:50 IST" name="tearDown" finished-at="2023-05-15T15:01:51 IST" duration-ms="1193" status="PASS">
          <reporter-output>
          </reporter-output>
        </test-method> <!-- tearDown -->
        <test-method is-config="true" signature="setUp()[pri:0, instance:com.training.sanity.tests.MXplayer@188715b5]" started-at="2023-05-15T15:01:51 IST" name="setUp" finished-at="2023-05-15T15:01:57 IST" duration-ms="5871" status="PASS">
          <reporter-output>
          </reporter-output>
        </test-method> <!-- setUp -->
        <test-method signature="TC_015()[pri:0, instance:com.training.sanity.tests.MXplayer@188715b5]" started-at="2023-05-15T15:01:57 IST" name="TC_015" finished-at="2023-05-15T15:01:57 IST" duration-ms="83" status="PASS">
          <reporter-output>
          </reporter-output>
        </test-method> <!-- TC_015 -->
        <test-method is-config="true" signature="tearDown()[pri:0, instance:com.training.sanity.tests.MXplayer@188715b5]" started-at="2023-05-15T15:01:57 IST" name="tearDown" finished-at="2023-05-15T15:01:58 IST" duration-ms="1203" status="PASS">
          <reporter-output>
          </reporter-output>
        </test-method> <!-- tearDown -->
        <test-method is-config="true" signature="setUp()[pri:0, instance:com.training.sanity.tests.MXplayer@188715b5]" started-at="2023-05-15T15:01:58 IST" name="setUp" finished-at="2023-05-15T15:02:01 IST" duration-ms="3177" status="PASS">
          <reporter-output>
          </reporter-output>
        </test-method> <!-- setUp -->
        <test-method signature="TC_216()[pri:0, instance:com.training.sanity.tests.MXplayer@188715b5]" started-at="2023-05-15T15:02:01 IST" name="TC_216" finished-at="2023-05-15T15:02:08 IST" duration-ms="7154" status="PASS">
          <reporter-output>
          </reporter-output>
        </test-method> <!-- TC_216 -->
        <test-method is-config="true" signature="tearDown()[pri:0, instance:com.training.sanity.tests.MXplayer@188715b5]" started-at="2023-05-15T15:02:08 IST" name="tearDown" finished-at="2023-05-15T15:02:09 IST" duration-ms="1164" status="PASS">
          <reporter-output>
          </reporter-output>
        </test-method> <!-- tearDown -->
        <test-method is-config="true" signature="setUp()[pri:0, instance:com.training.sanity.tests.MXplayer@188715b5]" started-at="2023-05-15T15:02:09 IST" name="setUp" finished-at="2023-05-15T15:02:13 IST" duration-ms="3911" status="PASS">
          <reporter-output>
          </reporter-output>
        </test-method> <!-- setUp -->
        <test-method signature="TC_217()[pri:0, instance:com.training.sanity.tests.MXplayer@188715b5]" started-at="2023-05-15T15:02:13 IST" name="TC_217" finished-at="2023-05-15T15:02:19 IST" duration-ms="5985" status="PASS">
          <reporter-output>
          </reporter-output>
        </test-method> <!-- TC_217 -->
        <test-method is-config="true" signature="tearDown()[pri:0, instance:com.training.sanity.tests.MXplayer@188715b5]" started-at="2023-05-15T15:02:19 IST" name="tearDown" finished-at="2023-05-15T15:02:20 IST" duration-ms="1197" status="PASS">
          <reporter-output>
          </reporter-output>
        </test-method> <!-- tearDown -->
        <test-method is-config="true" signature="setUp()[pri:0, instance:com.training.sanity.tests.MXplayer@188715b5]" started-at="2023-05-15T15:02:20 IST" name="setUp" finished-at="2023-05-15T15:02:24 IST" duration-ms="3532" status="PASS">
          <reporter-output>
          </reporter-output>
        </test-method> <!-- setUp -->
        <test-method signature="TC_218()[pri:0, instance:com.training.sanity.tests.MXplayer@188715b5]" started-at="2023-05-15T15:02:24 IST" name="TC_218" finished-at="2023-05-15T15:02:26 IST" duration-ms="2356" status="PASS">
          <reporter-output>
          </reporter-output>
        </test-method> <!-- TC_218 -->
        <test-method is-config="true" signature="tearDown()[pri:0, instance:com.training.sanity.tests.MXplayer@188715b5]" started-at="2023-05-15T15:02:26 IST" name="tearDown" finished-at="2023-05-15T15:02:28 IST" duration-ms="1367" status="PASS">
          <reporter-output>
          </reporter-output>
        </test-method> <!-- tearDown -->
        <test-method is-config="true" signature="setUp()[pri:0, instance:com.training.sanity.tests.MXplayer@188715b5]" started-at="2023-05-15T15:02:28 IST" name="setUp" finished-at="2023-05-15T15:02:31 IST" duration-ms="2869" status="PASS">
          <reporter-output>
          </reporter-output>
        </test-method> <!-- setUp -->
        <test-method signature="TC_219()[pri:0, instance:com.training.sanity.tests.MXplayer@188715b5]" started-at="2023-05-15T15:02:31 IST" name="TC_219" finished-at="2023-05-15T15:02:33 IST" duration-ms="2243" status="PASS">
          <reporter-output>
          </reporter-output>
        </test-method> <!-- TC_219 -->
        <test-method is-config="true" signature="tearDown()[pri:0, instance:com.training.sanity.tests.MXplayer@188715b5]" started-at="2023-05-15T15:02:33 IST" name="tearDown" finished-at="2023-05-15T15:02:34 IST" duration-ms="1241" status="PASS">
          <reporter-output>
          </reporter-output>
        </test-method> <!-- tearDown -->
        <test-method is-config="true" signature="setUp()[pri:0, instance:com.training.sanity.tests.MXplayer@188715b5]" started-at="2023-05-15T15:02:34 IST" name="setUp" finished-at="2023-05-15T15:02:38 IST" duration-ms="4337" status="PASS">
          <reporter-output>
          </reporter-output>
        </test-method> <!-- setUp -->
        <test-method signature="TC_220()[pri:0, instance:com.training.sanity.tests.MXplayer@188715b5]" started-at="2023-05-15T15:02:38 IST" name="TC_220" finished-at="2023-05-15T15:02:41 IST" duration-ms="2450" status="PASS">
          <reporter-output>
          </reporter-output>
        </test-method> <!-- TC_220 -->
        <test-method is-config="true" signature="tearDown()[pri:0, instance:com.training.sanity.tests.MXplayer@188715b5]" started-at="2023-05-15T15:02:41 IST" name="tearDown" finished-at="2023-05-15T15:02:42 IST" duration-ms="1247" status="PASS">
          <reporter-output>
          </reporter-output>
        </test-method> <!-- tearDown -->
        <test-method is-config="true" signature="setUp()[pri:0, instance:com.training.sanity.tests.MXplayer@188715b5]" started-at="2023-05-15T15:02:42 IST" name="setUp" finished-at="2023-05-15T15:02:49 IST" duration-ms="7159" status="PASS">
          <reporter-output>
          </reporter-output>
        </test-method> <!-- setUp -->
        <test-method signature="TC_221()[pri:0, instance:com.training.sanity.tests.MXplayer@188715b5]" started-at="2023-05-15T15:02:49 IST" name="TC_221" finished-at="2023-05-15T15:02:50 IST" duration-ms="901" status="PASS">
          <reporter-output>
          </reporter-output>
        </test-method> <!-- TC_221 -->
        <test-method is-config="true" signature="tearDown()[pri:0, instance:com.training.sanity.tests.MXplayer@188715b5]" started-at="2023-05-15T15:02:50 IST" name="tearDown" finished-at="2023-05-15T15:02:52 IST" duration-ms="1329" status="PASS">
          <reporter-output>
          </reporter-output>
        </test-method> <!-- tearDown -->
        <test-method is-config="true" signature="setUp()[pri:0, instance:com.training.sanity.tests.MXplayer@188715b5]" started-at="2023-05-15T15:02:52 IST" name="setUp" finished-at="2023-05-15T15:03:01 IST" duration-ms="9192" status="PASS">
          <reporter-output>
          </reporter-output>
        </test-method> <!-- setUp -->
        <test-method signature="TC_222()[pri:0, instance:com.training.sanity.tests.MXplayer@188715b5]" started-at="2023-05-15T15:03:01 IST" name="TC_222" finished-at="2023-05-15T15:03:28 IST" duration-ms="27311" status="PASS">
          <reporter-output>
          </reporter-output>
        </test-method> <!-- TC_222 -->
        <test-method is-config="true" signature="tearDown()[pri:0, instance:com.training.sanity.tests.MXplayer@188715b5]" started-at="2023-05-15T15:03:28 IST" name="tearDown" finished-at="2023-05-15T15:03:29 IST" duration-ms="1158" status="PASS">
          <reporter-output>
          </reporter-output>
        </test-method> <!-- tearDown -->
        <test-method is-config="true" signature="setUp()[pri:0, instance:com.training.sanity.tests.MXplayer@188715b5]" started-at="2023-05-15T15:03:29 IST" name="setUp" finished-at="2023-05-15T15:03:33 IST" duration-ms="3580" status="PASS">
          <reporter-output>
          </reporter-output>
        </test-method> <!-- setUp -->
        <test-method signature="TC_223()[pri:0, instance:com.training.sanity.tests.MXplayer@188715b5]" started-at="2023-05-15T15:03:33 IST" name="TC_223" finished-at="2023-05-15T15:04:10 IST" duration-ms="37104" status="FAIL">
          <exception class="org.openqa.selenium.NoSuchElementException">
            <message>
              <![CDATA[no such element: Unable to locate element: {"method":"xpath","selector":"//h1[text()='Hindi Crime Movies']"}
  (Session info: chrome=113.0.5672.93)
For documentation on this error, please visit: https://www.seleniumhq.org/exceptions/no_such_element.html
Build info: version: '3.141.59', revision: 'e82be7d358', time: '2018-11-14T08:17:03'
System info: host: 'VIJAYJI1137', ip: '192.168.1.11', os.name: 'Windows 11', os.arch: 'amd64', os.version: '10.0', java.version: '19.0.2'
Driver info: org.openqa.selenium.chrome.ChromeDriver
Capabilities {acceptInsecureCerts: false, browserName: chrome, browserVersion: 113.0.5672.93, chrome: {chromedriverVersion: 113.0.5672.63 (0e1a4471d5ae..., userDataDir: C:\Users\trade\AppData\Loca...}, goog:chromeOptions: {debuggerAddress: localhost:52479}, javascriptEnabled: true, networkConnectionEnabled: false, pageLoadStrategy: normal, platform: WINDOWS, platformName: WINDOWS, proxy: Proxy(), setWindowRect: true, strictFileInteractability: false, timeouts: {implicit: 0, pageLoad: 300000, script: 30000}, unhandledPromptBehavior: dismiss and notify, webauthn:extension:credBlob: true, webauthn:extension:largeBlob: true, webauthn:extension:minPinLength: true, webauthn:extension:prf: true, webauthn:virtualAuthenticators: true}
Session ID: 7898632c5ef4ae2617cb3fce88bfc63a
*** Element info: {Using=xpath, value=//h1[text()='Hindi Crime Movies']}]]>
            </message>
            <full-stacktrace>
              <![CDATA[org.openqa.selenium.NoSuchElementException: no such element: Unable to locate element: {"method":"xpath","selector":"//h1[text()='Hindi Crime Movies']"}
  (Session info: chrome=113.0.5672.93)
For documentation on this error, please visit: https://www.seleniumhq.org/exceptions/no_such_element.html
Build info: version: '3.141.59', revision: 'e82be7d358', time: '2018-11-14T08:17:03'
System info: host: 'VIJAYJI1137', ip: '192.168.1.11', os.name: 'Windows 11', os.arch: 'amd64', os.version: '10.0', java.version: '19.0.2'
Driver info: org.openqa.selenium.chrome.ChromeDriver
Capabilities {acceptInsecureCerts: false, browserName: chrome, browserVersion: 113.0.5672.93, chrome: {chromedriverVersion: 113.0.5672.63 (0e1a4471d5ae..., userDataDir: C:\Users\trade\AppData\Loca...}, goog:chromeOptions: {debuggerAddress: localhost:52479}, javascriptEnabled: true, networkConnectionEnabled: false, pageLoadStrategy: normal, platform: WINDOWS, platformName: WINDOWS, proxy: Proxy(), setWindowRect: true, strictFileInteractability: false, timeouts: {implicit: 0, pageLoad: 300000, script: 30000}, unhandledPromptBehavior: dismiss and notify, webauthn:extension:credBlob: true, webauthn:extension:largeBlob: true, webauthn:extension:minPinLength: true, webauthn:extension:prf: true, webauthn:virtualAuthenticators: true}
Session ID: 7898632c5ef4ae2617cb3fce88bfc63a
*** Element info: {Using=xpath, value=//h1[text()='Hindi Crime Movies']}
at java.base/jdk.internal.reflect.DirectConstructorHandleAccessor.newInstance(DirectConstructorHandleAccessor.java:67)
at java.base/java.lang.reflect.Constructor.newInstanceWithCaller(Constructor.java:500)
at java.base/java.lang.reflect.Constructor.newInstance(Constructor.java:484)
at org.openqa.selenium.remote.http.W3CHttpResponseCodec.createException(W3CHttpResponseCodec.java:187)
at org.openqa.selenium.remote.http.W3CHttpResponseCodec.decode(W3CHttpResponseCodec.java:122)
at org.openqa.selenium.remote.http.W3CHttpResponseCodec.decode(W3CHttpResponseCodec.java:49)
at org.openqa.selenium.remote.HttpCommandExecutor.execute(HttpCommandExecutor.java:158)
at org.openqa.selenium.remote.service.DriverCommandExecutor.execute(DriverCommandExecutor.java:83)
at org.openqa.selenium.remote.RemoteWebDriver.execute(RemoteWebDriver.java:552)
at org.openqa.selenium.remote.RemoteWebDriver.findElement(RemoteWebDriver.java:323)
at org.openqa.selenium.remote.RemoteWebDriver.findElementByXPath(RemoteWebDriver.java:428)
at org.openqa.selenium.By$ByXPath.findElement(By.java:353)
at org.openqa.selenium.remote.RemoteWebDriver.findElement(RemoteWebDriver.java:315)
at org.openqa.selenium.support.pagefactory.DefaultElementLocator.findElement(DefaultElementLocator.java:69)
at org.openqa.selenium.support.pagefactory.internal.LocatingElementHandler.invoke(LocatingElementHandler.java:38)
at jdk.proxy2/jdk.proxy2.$Proxy13.getText(Unknown Source)
at com.training.pom.FilterByGeansPOM.Filter_By_Geans(FilterByGeansPOM.java:49)
at com.training.sanity.tests.MXplayer.TC_223(MXplayer.java:131)
at java.base/jdk.internal.reflect.DirectMethodHandleAccessor.invoke(DirectMethodHandleAccessor.java:104)
at java.base/java.lang.reflect.Method.invoke(Method.java:578)
at org.testng.internal.MethodInvocationHelper.invokeMethod(MethodInvocationHelper.java:133)
at org.testng.internal.TestInvoker.invokeMethod(TestInvoker.java:598)
at org.testng.internal.TestInvoker.invokeTestMethod(TestInvoker.java:173)
at org.testng.internal.MethodRunner.runInSequence(MethodRunner.java:46)
at org.testng.internal.TestInvoker$MethodInvocationAgent.invoke(TestInvoker.java:824)
at org.testng.internal.TestInvoker.invokeTestMethods(TestInvoker.java:146)
at org.testng.internal.TestMethodWorker.invokeTestMethods(TestMethodWorker.java:146)
at org.testng.internal.TestMethodWorker.run(TestMethodWorker.java:128)
at java.base/java.util.ArrayList.forEach(ArrayList.java:1511)
at org.testng.TestRunner.privateRun(TestRunner.java:794)
at org.testng.TestRunner.run(TestRunner.java:596)
at org.testng.SuiteRunner.runTest(SuiteRunner.java:377)
at org.testng.SuiteRunner.runSequentially(SuiteRunner.java:371)
at org.testng.SuiteRunner.privateRun(SuiteRunner.java:332)
at org.testng.SuiteRunner.run(SuiteRunner.java:276)
at org.testng.SuiteRunnerWorker.runSuite(SuiteRunnerWorker.java:53)
at org.testng.SuiteRunnerWorker.run(SuiteRunnerWorker.java:96)
at org.testng.TestNG.runSuitesSequentially(TestNG.java:1212)
at org.testng.TestNG.runSuitesLocally(TestNG.java:1134)
at org.testng.TestNG.runSuites(TestNG.java:1063)
at org.testng.TestNG.run(TestNG.java:1031)
at org.testng.remote.AbstractRemoteTestNG.run(AbstractRemoteTestNG.java:115)
at org.testng.remote.RemoteTestNG.initAndRun(RemoteTestNG.java:251)
at org.testng.remote.RemoteTestNG.main(RemoteTestNG.java:77)
]]>
            </full-stacktrace>
          </exception> <!-- org.openqa.selenium.NoSuchElementException -->
          <reporter-output>
          </reporter-output>
        </test-method> <!-- TC_223 -->
        <test-method is-config="true" signature="tearDown()[pri:0, instance:com.training.sanity.tests.MXplayer@188715b5]" started-at="2023-05-15T15:04:10 IST" name="tearDown" finished-at="2023-05-15T15:04:11 IST" duration-ms="1210" status="PASS">
          <reporter-output>
          </reporter-output>
        </test-method> <!-- tearDown -->
        <test-method is-config="true" signature="setUp()[pri:0, instance:com.training.sanity.tests.MXplayer@188715b5]" started-at="2023-05-15T15:04:11 IST" name="setUp" finished-at="2023-05-15T15:04:15 IST" duration-ms="4321" status="PASS">
          <reporter-output>
          </reporter-output>
        </test-method> <!-- setUp -->
        <test-method signature="TC_224()[pri:0, instance:com.training.sanity.tests.MXplayer@188715b5]" started-at="2023-05-15T15:04:15 IST" name="TC_224" finished-at="2023-05-15T15:04:19 IST" duration-ms="4048" status="PASS">
          <reporter-output>
          </reporter-output>
        </test-method> <!-- TC_224 -->
        <test-method is-config="true" signature="tearDown()[pri:0, instance:com.training.sanity.tests.MXplayer@188715b5]" started-at="2023-05-15T15:04:19 IST" name="tearDown" finished-at="2023-05-15T15:04:21 IST" duration-ms="1216" status="PASS">
          <reporter-output>
          </reporter-output>
        </test-method> <!-- tearDown -->
      </class> <!-- com.training.sanity.tests.MXplayer -->
    </test> <!-- Default test -->
  </suite> <!-- Default suite -->
</testng-results>
